0 silly argv {
0 silly argv   _: [ 'version' ],
0 silly argv   changelog: false,
0 silly argv   push: false,
0 silly argv   'git-tag-version': false,
0 silly argv   gitTagVersion: false,
0 silly argv   private: false,
0 silly argv   lernaVersion: '9.0.0',
0 silly argv   '$0': 'node_modules/lerna/dist/cli.js'
0 silly argv }
1 notice cli v9.0.0
2 verbose packageConfigs Explicit "packages" configuration found in lerna.json. Resolving packages using the configured glob(s): ["packages/*"]
3 verbose rootPath /Users/eugene/Projects/bigmi
4 info versioning independent
5 notice FYI git repository validation has been skipped, please ensure your version bumps are correct
6 silly hasTags
7 verbose hasTags true
8 silly git-describe.sync "v0.6.1-3-g198c79b" => {"lastTagName":"v0.6.1","lastVersion":"v0.6.1","refCount":"3","sha":"198c79b","isDirty":false}
9 info Looking for changed packages since v0.6.1
10 info ignoring diff in paths matching [ '**/*.md' ]
11 silly checking diff packages/client
12 silly found diff in packages/client/package.json
12 silly found diff in packages/client/src/actions/reconnect.ts
12 silly found diff in packages/client/src/connectors/leather.ts
12 silly found diff in packages/client/src/version.ts
13 verbose filtered diff [
13 verbose filtered diff   'packages/client/package.json',
13 verbose filtered diff   'packages/client/src/actions/reconnect.ts',
13 verbose filtered diff   'packages/client/src/connectors/leather.ts',
13 verbose filtered diff   'packages/client/src/version.ts'
13 verbose filtered diff ]
14 silly checking diff packages/core
15 silly found diff in packages/core/package.json
15 silly found diff in packages/core/src/index.ts
15 silly found diff in packages/core/src/utils/retryUntil.ts
15 silly found diff in packages/core/src/version.ts
16 verbose filtered diff [
16 verbose filtered diff   'packages/core/package.json',
16 verbose filtered diff   'packages/core/src/index.ts',
16 verbose filtered diff   'packages/core/src/utils/retryUntil.ts',
16 verbose filtered diff   'packages/core/src/version.ts'
16 verbose filtered diff ]
17 silly checking diff packages/react
18 silly found diff in packages/react/package.json
18 silly found diff in packages/react/src/version.ts
19 verbose filtered diff [ 'packages/react/package.json', 'packages/react/src/version.ts' ]
20 verbose updated @bigmi/client
21 verbose updated @bigmi/core
22 verbose updated @bigmi/react
23 warn version Skipping working tree validation, proceed at your own risk
24 error ExitPromptError: User force closed the prompt with SIGINT
24 error     at Interface.sigint (/Users/eugene/Projects/bigmi/node_modules/.pnpm/@inquirer+core@10.3.2_@types+node@24.10.1/node_modules/@inquirer/core/dist/commonjs/lib/create-prompt.js:101:37)
24 error     at Interface.emit (node:events:507:28)
24 error     at [_ttyWrite] [as _ttyWrite] (node:internal/readline/interface:1315:18)
24 error     at ReadStream.onkeypress (node:internal/readline/interface:284:20)
24 error     at ReadStream.emit (node:events:519:35)
24 error     at emitKeys (node:internal/readline/utils:371:14)
24 error     at emitKeys.next (<anonymous>)
24 error     at ReadStream.onData (node:internal/readline/emitKeypressEvents:64:36)
24 error     at ReadStream.emit (node:events:507:28)
